0 verbose cli /usr/local/bin/node /usr/local/bin/npm
1 info using npm@10.9.3
2 info using node@v22.20.0
3 silly config load:file:/usr/local/lib/node_modules/npm/npmrc
4 silly config load:file:/Users/maxtong/Documents/Websites/Ling Final/.npmrc
5 silly config load:file:/usr/local/etc/npmrc
6 verbose title npm create vite@latest . --template react-ts
7 verbose argv "create" "vite@latest" "." "--" "--template" "react-ts"
8 verbose logfile logs-max:10 dir:/Users/maxtong/Documents/Websites/Ling Final/.npm-cache/_logs/2025-12-09T22_21_35_436Z-
9 verbose logfile /Users/maxtong/Documents/Websites/Ling Final/.npm-cache/_logs/2025-12-09T22_21_35_436Z-debug-0.log
10 silly logfile done cleaning log files
11 silly packumentCache heap:4345298944 maxSize:1086324736 maxEntrySize:543162368
12 http fetch GET 200 https://registry.npmjs.org/create-vite 630ms (cache miss)
13 silly packumentCache heap:4345298944 maxSize:1086324736 maxEntrySize:543162368
14 warn exec The following package was not found and will be installed: create-vite@8.2.0
15 silly idealTree buildDeps
16 silly fetch manifest create-vite@8.2.0
17 silly packumentCache full:https://registry.npmjs.org/create-vite cache-miss
18 http fetch GET 200 https://registry.npmjs.org/create-vite 79ms (cache miss)
19 silly packumentCache full:https://registry.npmjs.org/create-vite set size:undefined disposed:false
20 silly placeDep ROOT create-vite@8.2.0 OK for:  want: 8.2.0
21 silly reify moves {}
22 silly audit bulk request { 'create-vite': [ '8.2.0' ] }
23 http cache create-vite@https://registry.npmjs.org/create-vite/-/create-vite-8.2.0.tgz 0ms (cache hit)
24 silly tarball no local data for create-vite@https://registry.npmjs.org/create-vite/-/create-vite-8.2.0.tgz. Extracting by manifest.
25 http fetch POST 200 https://registry.npmjs.org/-/npm/v1/security/advisories/bulk 103ms
26 silly audit report {}
27 http fetch GET 200 https://registry.npmjs.org/create-vite/-/create-vite-8.2.0.tgz 197ms (cache miss)
28 verbose cwd /Users/maxtong/Documents/Websites/Ling Final
29 verbose os Darwin 24.5.0
30 verbose node v22.20.0
31 verbose npm  v10.9.3
32 verbose exit 0
33 info ok
