0 verbose cli /usr/local/bin/node /usr/local/bin/npm
1 info using npm@10.9.3
2 info using node@v22.20.0
3 silly config load:file:/usr/local/lib/node_modules/npm/npmrc
4 silly config load:file:/Users/maxtong/Documents/Websites/Ling Final/.npmrc
5 silly config load:file:/usr/local/etc/npmrc
6 verbose title npm create vite@latest . --template react-ts
7 verbose argv "create" "vite@latest" "." "--" "--template" "react-ts"
8 verbose logfile logs-max:10 dir:/Users/maxtong/Documents/Websites/Ling Final/.npm-cache/_logs/2025-12-09T22_21_31_234Z-
9 verbose logfile /Users/maxtong/Documents/Websites/Ling Final/.npm-cache/_logs/2025-12-09T22_21_31_234Z-debug-0.log
10 silly logfile done cleaning log files
11 verbose stack Error: EPERM: operation not permitted, open '/usr/local/lib/node_modules/npm/node_modules/sigstore/node_modules/@sigstore/verify/dist/key/index.js'
11 verbose stack     at Object.readFileSync (node:fs:441:20)
11 verbose stack     at defaultLoadImpl (node:internal/modules/cjs/loader:1105:17)
11 verbose stack     at loadSource (node:internal/modules/cjs/loader:1733:20)
11 verbose stack     at Object..js (node:internal/modules/cjs/loader:1832:44)
11 verbose stack     at Module.load (node:internal/modules/cjs/loader:1441:32)
11 verbose stack     at Function._load (node:internal/modules/cjs/loader:1263:12)
11 verbose stack     at TracingChannel.traceSync (node:diagnostics_channel:322:14)
11 verbose stack     at wrapModuleLoad (node:internal/modules/cjs/loader:237:24)
11 verbose stack     at Module.require (node:internal/modules/cjs/loader:1463:12)
11 verbose stack     at require (node:internal/modules/helpers:147:16)
12 error code EPERM
13 error syscall open
14 error path /usr/local/lib/node_modules/npm/node_modules/sigstore/node_modules/@sigstore/verify/dist/key/index.js
15 error errno -1
16 error Error: EPERM: operation not permitted, open '/usr/local/lib/node_modules/npm/node_modules/sigstore/node_modules/@sigstore/verify/dist/key/index.js'
16 error     at Object.readFileSync (node:fs:441:20)
16 error     at defaultLoadImpl (node:internal/modules/cjs/loader:1105:17)
16 error     at loadSource (node:internal/modules/cjs/loader:1733:20)
16 error     at Object..js (node:internal/modules/cjs/loader:1832:44)
16 error     at Module.load (node:internal/modules/cjs/loader:1441:32)
16 error     at Function._load (node:internal/modules/cjs/loader:1263:12)
16 error     at TracingChannel.traceSync (node:diagnostics_channel:322:14)
16 error     at wrapModuleLoad (node:internal/modules/cjs/loader:237:24)
16 error     at Module.require (node:internal/modules/cjs/loader:1463:12)
16 error     at require (node:internal/modules/helpers:147:16) {
16 error   errno: -1,
16 error   code: 'EPERM',
16 error   syscall: 'open',
16 error   path: '/usr/local/lib/node_modules/npm/node_modules/sigstore/node_modules/@sigstore/verify/dist/key/index.js'
16 error }
17 error
17 error The operation was rejected by your operating system.
17 error It is likely you do not have the permissions to access this file as the current user
17 error
17 error If you believe this might be a permissions issue, please double-check the
17 error permissions of the file and its containing directories, or try running
17 error the command again as root/Administrator.
18 verbose cwd /Users/maxtong/Documents/Websites/Ling Final
19 verbose os Darwin 24.5.0
20 verbose node v22.20.0
21 verbose npm  v10.9.3
22 verbose exit -1
23 verbose code -1
24 error A complete log of this run can be found in: /Users/maxtong/Documents/Websites/Ling Final/.npm-cache/_logs/2025-12-09T22_21_31_234Z-debug-0.log
