0 verbose cli /usr/local/bin/node /usr/local/bin/npm
1 info using npm@10.9.3
2 info using node@v22.20.0
3 silly config load:file:/usr/local/lib/node_modules/npm/npmrc
4 silly config load:file:/Users/maxtong/Documents/Websites/Ling Final/.npmrc
5 silly config load:file:/usr/local/etc/npmrc
6 verbose title npm create vite@latest . --template react-ts
7 verbose argv "create" "vite@latest" "." "--" "--template" "react-ts"
8 verbose logfile logs-max:10 dir:/Users/maxtong/Documents/Websites/Ling Final/.npm-cache/_logs/2025-12-09T22_21_43_564Z-
9 verbose logfile /Users/maxtong/Documents/Websites/Ling Final/.npm-cache/_logs/2025-12-09T22_21_43_564Z-debug-0.log
10 silly logfile done cleaning log files
11 silly packumentCache heap:4345298944 maxSize:1086324736 maxEntrySize:543162368
12 http fetch GET 200 https://registry.npmjs.org/create-vite 157ms (cache revalidated)
13 silly packumentCache heap:4345298944 maxSize:1086324736 maxEntrySize:543162368
14 verbose cwd /Users/maxtong/Documents/Websites/Ling Final
15 verbose os Darwin 24.5.0
16 verbose node v22.20.0
17 verbose npm  v10.9.3
18 verbose exit 0
19 info ok
